"Start of log file."
"C:/Users/WALLAC~1/Desktop/PROJET~1/Assets/RESOUR~1/Road3.max"
"Starting max loading and fbx conversion"
window = undefined
"Settings units"
"Before fbx export"
"After fbx export"
"Finished max loading and fbx conversion"
"C:/Users/WALLAC~1/Desktop/PROJET~1/Assets/RESOUR~1/Road3.max"
"Starting max loading and fbx conversion"
window = undefined
"Settings units"
"Before fbx export"
"After fbx export"
"Finished max loading and fbx conversion"
"C:/Users/WALLAC~1/Desktop/PROJET~1/Assets/RESOUR~1/Road3.max"
"Starting max loading and fbx conversion"
window = undefined
"Settings units"
"Before fbx export"
"After fbx export"
"Finished max loading and fbx conversion"
"C:/Users/WALLAC~1/Desktop/PROJET~1/Assets/RESOUR~1/Road3.max"
"Starting max loading and fbx conversion"
window = undefined
"Settings units"
"Before fbx export"
"After fbx export"
"Finished max loading and fbx conversion"
"C:/Users/WALLAC~1/Desktop/PROJET~1/Assets/RESOUR~1/Road3.max"
"Starting max loading and fbx conversion"
window = undefined
"Settings units"
"Before fbx export"
"After fbx export"
"Finished max loading and fbx conversion"
"C:/Users/WALLAC~1/Desktop/PROJET~1/Assets/RESOUR~1/Road3.max"
"Starting max loading and fbx conversion"
window = undefined
"Settings units"
"Before fbx export"
"After fbx export"
"Finished max loading and fbx conversion"
"C:/Users/WALLAC~1/Desktop/PROJET~1/Assets/RESOUR~1/Road3.max"
"Starting max loading and fbx conversion"
window = undefined
"Settings units"
"Before fbx export"
"After fbx export"
"Finished max loading and fbx conversion"
"C:/Users/WALLAC~1/Desktop/PROJET~1/Assets/RESOUR~1/Road3.max"
"Starting max loading and fbx conversion"
window = undefined
"Settings units"
"Before fbx export"
"After fbx export"
"Finished max loading and fbx conversion"
"C:/Users/WALLAC~1/Desktop/PROJET~1/Assets/RESOUR~1/Curva.max"
"Starting max loading and fbx conversion"
window = undefined
"Settings units"
"Before fbx export"
"After fbx export"
"Finished max loading and fbx conversion"
"C:/Users/WALLAC~1/Desktop/PROJET~1/Assets/RESOUR~1/Road3.max"
"Starting max loading and fbx conversion"
window = undefined
"Settings units"
"Before fbx export"
"After fbx export"
"Finished max loading and fbx conversion"
"C:/Users/WALLAC~1/Desktop/PROJET~1/Assets/RESOUR~1/Road3.max"
"Starting max loading and fbx conversion"
window = undefined
"Settings units"
"Before fbx export"
"After fbx export"
"Finished max loading and fbx conversion"
"C:/Users/WALLAC~1/Desktop/PROJET~1/Assets/RESOUR~1/Road4.max"
"Starting max loading and fbx conversion"
window = undefined
"Settings units"
"Before fbx export"
"After fbx export"
"Finished max loading and fbx conversion"
"C:/Users/WALLAC~1/Desktop/PROJET~1/Assets/RESOUR~1/Road3.max"
"Starting max loading and fbx conversion"
window = undefined
"Settings units"
"Before fbx export"
"After fbx export"
"Finished max loading and fbx conversion"
"C:/Users/WALLAC~1/Desktop/PROJET~1/Assets/RESOUR~1/Road3.max"
"Starting max loading and fbx conversion"
window = undefined
"Settings units"
"Before fbx export"
"After fbx export"
"Finished max loading and fbx conversion"
"C:/Users/WALLAC~1/Desktop/PROJET~1/Assets/RESOUR~1/Road3.max"
"Starting max loading and fbx conversion"
window = undefined
"Settings units"
"Before fbx export"
"After fbx export"
"Finished max loading and fbx conversion"
"C:/Users/WALLAC~1/Desktop/PROJET~1/Assets/RESOUR~1/Road3.max"
"Starting max loading and fbx conversion"
window = undefined
"Settings units"
"Before fbx export"
"After fbx export"
"Finished max loading and fbx conversion"
"C:/Users/WALLAC~1/Desktop/PROJET~1/Assets/RESOUR~1/Road3.max"
"Starting max loading and fbx conversion"
window = undefined
"Settings units"
"Before fbx export"
"After fbx export"
"Finished max loading and fbx conversion"
